<?xml version="1.0" encoding="UTF-8"?>
<!-- Generated by org.testng.reporters.JUnitReportReporter -->
<testsuite hostname="CFLNAVALUR4884" failures="0" tests="2" name="CP.TestScripts.TCPanda" time="10.769" errors="0" timestamp="2023-08-07T00:25:07 IST" skipped="0">
  <testcase classname="CP.TestScripts.TCPanda" name="test1" time="0.035"/>
  <system-out/>
  <testcase classname="CP.TestScripts.TCPanda" name="Test2" time="10.734"/>
  <system-out/>
</testsuite> <!-- CP.TestScripts.TCPanda -->
